2025-07-11T09:32:28.992Z ERROR @wdio/runner: Error: Unable to load spec files quite likely because they rely on `browser` object that is not fully initialised.
`browser` object has only `capabilities` and some flags like `isMobile`.
Helper files that use other `browser` commands have to be moved to `before` hook.
Spec file(s): file:///C:/Users/PC/Desktop/Epam-Automation/FinalTaskProject/src/specs/login.parametrized.spec.js
Error: Error: Cannot find module '../utils/logger.util'
Require stack:
- C:\Users\PC\Desktop\Epam-Automation\FinalTaskProject\src\specs\login.parametrized.spec.js
    at Module._resolveFilename (node:internal/modules/cjs/loader:1225:15)
    at Module._load (node:internal/modules/cjs/loader:1051:27)
    at Module.require (node:internal/modules/cjs/loader:1311:19)
    at require (node:internal/modules/helpers:179:18)
    at Object.<anonymous> (C:\Users\PC\Desktop\Epam-Automation\FinalTaskProject\src\specs\login.parametrized.spec.js:3:16)
    at Module._compile (node:internal/modules/cjs/loader:1469:14)
    at Module._extensions..js (node:internal/modules/cjs/loader:1548:10)
    at Module.load (node:internal/modules/cjs/loader:1288:32)
    at Module._load (node:internal/modules/cjs/loader:1104:12)
    at cjsLoader (node:internal/modules/esm/translators:346:17)
    at MochaAdapter._loadFiles (file:///C:/Users/PC/Desktop/Epam-Automation/FinalTaskProject/node_modules/@wdio/mocha-framework/build/index.js:84:35)
    at async MochaAdapter.init (file:///C:/Users/PC/Desktop/Epam-Automation/FinalTaskProject/node_modules/@wdio/mocha-framework/build/index.js:62:9)
    at async adapterFactory.init (file:///C:/Users/PC/Desktop/Epam-Automation/FinalTaskProject/node_modules/@wdio/mocha-framework/build/index.js:215:22)
    at async Runner.run (file:///C:/Users/PC/Desktop/Epam-Automation/FinalTaskProject/node_modules/@wdio/runner/build/index.js:74:27)
